<?xml version="1.0" encoding="UTF-8"?>
<!-- Generated by org.testng.reporters.JUnitXMLReporter -->
<testsuite ignored="0" hostname="DESKTOP-QMSQO3B" failures="0" tests="3" name="Chrome Browser" time="13.931" errors="0" timestamp="2021-04-16T19:07:04 IST">
  <testcase classname="crossbrowser.RegisterDemoSelenium" name="navigateToRegisterDemo" time="1.914"/>
  <testcase classname="crossbrowser.RegisterDemoSelenium" name="registerDemo" time="4.038"/>
  <testcase classname="crossbrowser.RegisterDemoSelenium" name="validateSuccessfulMsg" time="0.04"/>
</testsuite> <!-- Chrome Browser -->
