<?xml version="1.0" encoding="UTF-8"?>
<!-- Generated by org.testng.reporters.JUnitXMLReporter -->
<testsuite ignored="0" hostname="DESKTOP-QMSQO3B" failures="0" tests="3" name="Firefox Browser" time="18.124" errors="0" timestamp="2021-04-16T19:07:22 IST">
  <testcase classname="crossbrowser.RegisterDemoSelenium" name="navigateToRegisterDemo" time="1.541"/>
  <testcase classname="crossbrowser.RegisterDemoSelenium" name="registerDemo" time="5.081"/>
  <testcase classname="crossbrowser.RegisterDemoSelenium" name="validateSuccessfulMsg" time="0.053"/>
</testsuite> <!-- Firefox Browser -->
